<?xml version="1.0" encoding="UTF-8"?>
<testsuite xmlns:xsi="http://www.w3.org/2001/XMLSchema-instance" xsi:noNamespaceSchemaLocation="https://maven.apache.org/surefire/maven-surefire-plugin/xsd/surefire-test-report-3.0.xsd" version="3.0" name="shared.CryptoUtilsTest" time="0.79" tests="5" errors="0" skipped="0" failures="0">
  <properties>
[...]
</properties>
  <testcase name="testDecryptAESWithWrongKeyFails" classname="shared.CryptoUtilsTest" time="0.179"/>
  <testcase name="testGenerateAESKeyNotNull" classname="shared.CryptoUtilsTest" time="0.034"/>
  <testcase name="testEncryptAndDecryptAES" classname="shared.CryptoUtilsTest" time="0.066"/>
  <testcase name="testEncryptAndDecryptRSA" classname="shared.CryptoUtilsTest" time="0.078"/>
  <testcase name="testDecryptRSAWithWrongKeyFails" classname="shared.CryptoUtilsTest" time="0.431"/>
</testsuite>